Build started 2013/7/13 17:07:19.
     1>Project "F:\Dep.Demo\repos\City\City\City.vcxproj" on node 2 (build target(s)).
     1>InitializeBuildStatus:
         Creating "Debug\City.unsuccessfulbuild" because "AlwaysCreate" was specified.
       ClCompile:
         All outputs are up-to-date.
       ManifestResourceCompile:
         All outputs are up-to-date.
       Link:
         d:\Program Files (x86)\Microsoft Visual Studio 10.0\VC\bin\link.exe /ERRORREPORT:PROMPT /OUT:"F:\Dep.Demo\repos\City\Debug\City.exe" /INCREMENTAL /NOLOGO /LIBPATH:F:\Dep.Demo\repos\City\lib\lib vtkRendering.lib vtkWidgets.lib vtkHybrid.lib vtkCommon.lib vtkFiltering.lib vtkGenericFiltering.lib vtkGraphics.lib vtkjpeg.lib uuid.lib opengl32.lib vtkImaging.lib vtkftgl.lib vtkViews.lib vtksys.lib vtkalglib.lib vtklibxml2.lib vtkpng.lib vtkfreetype.lib ole32.lib vtkIO.lib vtktiff.lib vtkzlib.lib vtkexpat.lib advapi32.lib shell32.lib oleaut32.lib kernel32.lib user32.lib gdi32.lib winspool.lib comdlg32.lib advapi32.lib shell32.lib ole32.lib oleaut32.lib uuid.lib odbc32.lib odbccp32.lib /MANIFEST /ManifestFile:"Debug\City.exe.intermediate.manifest" /MANIFESTUAC:"level='asInvoker' uiAccess='false'" /DEBUG /PDB:"F:\Dep.Demo\repos\City\Debug\City.pdb" /SUBSYSTEM:CONSOLE /TLBID:1 /DYNAMICBASE /NXCOMPAT /IMPLIB:"F:\Dep.Demo\repos\City\Debug\City.lib" /MACHINE:X86 Debug\City.exe.embed.manifest.res
         Debug\City.obj
         Debug\main.obj
       Manifest:
         C:\Program Files (x86)\Microsoft SDKs\Windows\v7.0A\bin\mt.exe /nologo /verbose /out:"Debug\City.exe.embed.manifest" /manifest Debug\City.exe.intermediate.manifest
         All outputs are up-to-date.
       LinkEmbedManifest:
         All outputs are up-to-date.
         City.vcxproj -> F:\Dep.Demo\repos\City\Debug\City.exe
       FinalizeBuildStatus:
         Deleting file "Debug\City.unsuccessfulbuild".
         Touching "Debug\City.lastbuildstate".
     1>Done Building Project "F:\Dep.Demo\repos\City\City\City.vcxproj" (build target(s)).

Build succeeded.

Time Elapsed 00:00:02.39
